<?xml version="1.0" encoding="UTF-8"?>
<!-- Generated by org.testng.reporters.JUnitReportReporter -->
<testsuite skipped="0" hostname="HDC2-L-62Y35Q2" name="devopsdemo.devopsdemo.helloworld" tests="1" failures="0" timestamp="03 Aug 2020 05:58:19 GMT" time="0.010" errors="0">
  <testcase name="f" time="0.010" classname="devopsdemo.devopsdemo.helloworld"/>
</testsuite> <!-- devopsdemo.devopsdemo.helloworld -->
